Copyright 1986-2020 Xilinx, Inc. All Rights Reserved.
-----------------------------------------------------------------------------------------------
| Tool Version : Vivado v.2020.2 (lin64) Build 3064766 Wed Nov 18 09:12:47 MST 2020
| Date         : Fri Jun  2 00:35:50 2023
| Host         : r7cad-tsmc40r2 running 64-bit CentOS Linux release 7.6.1810 (Core)
| Command      : report_control_sets -verbose -file ember_fpga_wrapper_control_sets_placed.rpt
| Design       : ember_fpga_wrapper
| Device       : xc7k325t
-----------------------------------------------------------------------------------------------

Control Set Information

Table of Contents
-----------------
1. Summary
2. Histogram
3. Flip-Flop Distribution
4. Detailed Control Set Information

1. Summary
----------

+----------------------------------------------------------+-------+
|                          Status                          | Count |
+----------------------------------------------------------+-------+
| Total control sets                                       |    40 |
|    Minimum number of control sets                        |    40 |
|    Addition due to synthesis replication                 |     0 |
|    Addition due to physical synthesis replication        |     0 |
| Unused register locations in slices containing registers |    43 |
+----------------------------------------------------------+-------+
* Control sets can be merged at opt_design using control_set_merge or merge_equivalent_drivers
** Run report_qor_suggestions for automated merging and remapping suggestions


2. Histogram
------------

+--------------------+-------+
|       Fanout       | Count |
+--------------------+-------+
| Total control sets |    40 |
| >= 0 to < 4        |     2 |
| >= 4 to < 6        |     2 |
| >= 6 to < 8        |     0 |
| >= 8 to < 10       |     4 |
| >= 10 to < 12      |     0 |
| >= 12 to < 14      |     0 |
| >= 14 to < 16      |     2 |
| >= 16              |    30 |
+--------------------+-------+
* Control sets can be remapped at either synth_design or opt_design


3. Flip-Flop Distribution
-------------------------

+--------------+-----------------------+------------------------+-----------------+--------------+
| Clock Enable | Synchronous Set/Reset | Asynchronous Set/Reset | Total Registers | Total Slices |
+--------------+-----------------------+------------------------+-----------------+--------------+
| No           | No                    | No                     |               0 |            0 |
| No           | No                    | Yes                    |             244 |          134 |
| No           | Yes                   | No                     |               0 |            0 |
| Yes          | No                    | No                     |               0 |            0 |
| Yes          | No                    | Yes                    |            3441 |         1332 |
| Yes          | Yes                   | No                     |               0 |            0 |
+--------------+-----------------------+------------------------+-----------------+--------------+


4. Detailed Control Set Information
-----------------------------------

+-------------------------------------------------------------+---------------------------------------------------------------------------------------------------------------+-----------------------------------------------------------------------------------------------------+------------------+----------------+--------------+
|                         Clock Signal                        |                                                 Enable Signal                                                 |                                           Set/Reset Signal                                          | Slice Load Count | Bel Load Count | Bels / Slice |
+-------------------------------------------------------------+---------------------------------------------------------------------------------------------------------------+-----------------------------------------------------------------------------------------------------+------------------+----------------+--------------+
|  ember_fpga_i/clkmux_0/inst/clk_out                         |                                                                                                               | ember_fpga_i/rram_top_wrapper_0/inst/inst/u_spi_slave_rram/u_itrx_apbm_spi/u_apb_fsm/preset_n_reg_0 |                1 |              1 |         1.00 |
| ~ember_fpga_i/clkmux_0/inst/clk_out                         |                                                                                                               | PROG_SS_IBUF                                                                                        |                1 |              1 |         1.00 |
|  ember_fpga_i/clkmux_0/inst/clk_out                         | ember_fpga_i/rram_top_wrapper_0/inst/inst/u_spi_slave_rram/u_itrx_apbm_spi/u_spi_fsm/paddr_reg[3]_rep_0[0]    | ember_fpga_i/rram_top_wrapper_0/inst/inst/u_spi_slave_rram/u_itrx_apbm_spi/u_apb_fsm/preset_n_reg_0 |                1 |              4 |         4.00 |
|  ember_fpga_i/rram_top_wrapper_0/inst/inst/u_clock_gen/mclk | ember_fpga_i/rram_top_wrapper_0/inst/inst/u_fsm/bsl_loop[4]_i_1_n_0                                           | ember_fpga_i/rram_top_wrapper_0/inst/inst/rram_addr[15]_i_3_n_0                                     |                5 |              5 |         1.00 |
|  ember_fpga_i/rram_top_wrapper_0/inst/inst/u_clock_gen/mclk | ember_fpga_i/rram_top_wrapper_0/inst/inst/u_spi_slave_rram/E[0]                                               | ember_fpga_i/rram_top_wrapper_0/inst/inst/rram_addr[15]_i_3_n_0                                     |                7 |              8 |         1.14 |
|  ember_fpga_i/rram_top_wrapper_0/inst/inst/u_clock_gen/mclk | ember_fpga_i/rram_top_wrapper_0/inst/inst/u_fsm/attempts_counter[7]_i_1_n_0                                   | ember_fpga_i/rram_top_wrapper_0/inst/inst/rram_addr[15]_i_3_n_0                                     |                3 |              8 |         2.67 |
|  ember_fpga_i/rram_top_wrapper_0/inst/inst/u_clock_gen/mclk | ember_fpga_i/rram_top_wrapper_0/inst/inst/u_fsm/state_reg[0]_rep__0_1                                         | ember_fpga_i/rram_top_wrapper_0/inst/inst/rram_addr[15]_i_3_n_0                                     |                7 |              8 |         1.14 |
|  ember_fpga_i/clkmux_0/inst/clk_out                         | ember_fpga_i/rram_top_wrapper_0/inst/inst/u_spi_slave_rram/u_itrx_apbm_spi/u_spi_fsm/data_bit_ctr_d           | PROG_SS_IBUF                                                                                        |                3 |              8 |         2.67 |
|  ember_fpga_i/clkmux_0/inst/clk_out                         |                                                                                                               | PROG_SS_IBUF                                                                                        |                6 |             14 |         2.33 |
|  ember_fpga_i/rram_top_wrapper_0/inst/inst/u_clock_gen/mclk | ember_fpga_i/rram_top_wrapper_0/inst/inst/u_fsm/counter[13]_i_1_n_0                                           | ember_fpga_i/rram_top_wrapper_0/inst/inst/rram_addr[15]_i_3_n_0                                     |                3 |             14 |         4.67 |
|  ember_fpga_i/rram_top_wrapper_0/inst/inst/u_clock_gen/mclk | ember_fpga_i/rram_top_wrapper_0/inst/inst/u_fsm/failure_counter[0]_i_1_n_0                                    | ember_fpga_i/rram_top_wrapper_0/inst/inst/rram_addr[15]_i_3_n_0                                     |                4 |             16 |         4.00 |
|  ember_fpga_i/rram_top_wrapper_0/inst/inst/u_clock_gen/mclk | ember_fpga_i/rram_top_wrapper_0/inst/inst/u_fsm/next_rram_addr                                                | ember_fpga_i/rram_top_wrapper_0/inst/inst/rram_addr[15]_i_3_n_0                                     |               10 |             16 |         1.60 |
|  ember_fpga_i/rram_top_wrapper_0/inst/inst/u_clock_gen/mclk | ember_fpga_i/rram_top_wrapper_0/inst/inst/u_fsm/success_counter[0]_i_1_n_0                                    | ember_fpga_i/rram_top_wrapper_0/inst/inst/rram_addr[15]_i_3_n_0                                     |                4 |             16 |         4.00 |
|  ember_fpga_i/clkmux_0/inst/clk_out                         | ember_fpga_i/rram_top_wrapper_0/inst/inst/u_spi_slave_rram/u_itrx_apbm_spi/u_spi_fsm/paddr_d                  | PROG_SS_IBUF                                                                                        |                6 |             21 |         3.50 |
|  ember_fpga_i/clkmux_0/inst/clk_out                         | ember_fpga_i/rram_top_wrapper_0/inst/inst/u_spi_slave_rram/u_itrx_apbm_spi/u_spi_fsm/paddr_reg[2]_rep__0_4[0] | ember_fpga_i/rram_top_wrapper_0/inst/inst/u_spi_slave_rram/u_itrx_apbm_spi/u_apb_fsm/preset_n_reg_0 |               24 |             48 |         2.00 |
|  ember_fpga_i/clkmux_0/inst/clk_out                         | ember_fpga_i/rram_top_wrapper_0/inst/inst/u_spi_slave_rram/u_itrx_apbm_spi/u_spi_fsm/paddr_reg[2]_rep__0_0[0] | ember_fpga_i/rram_top_wrapper_0/inst/inst/u_spi_slave_rram/u_itrx_apbm_spi/u_apb_fsm/preset_n_reg_0 |               22 |             48 |         2.18 |
|  ember_fpga_i/rram_top_wrapper_0/inst/inst/u_clock_gen/mclk | ember_fpga_i/rram_top_wrapper_0/inst/inst/u_fsm/mask[47]_i_1_n_0                                              | ember_fpga_i/rram_top_wrapper_0/inst/inst/rram_addr[15]_i_3_n_0                                     |               33 |             48 |         1.45 |
|  ember_fpga_i/clkmux_0/inst/clk_out                         | ember_fpga_i/rram_top_wrapper_0/inst/inst/u_spi_slave_rram/u_itrx_apbm_spi/u_spi_fsm/paddr_reg[2]_rep__0_3[0] | ember_fpga_i/rram_top_wrapper_0/inst/inst/u_spi_slave_rram/u_itrx_apbm_spi/u_apb_fsm/preset_n_reg_0 |               21 |             48 |         2.29 |
|  ember_fpga_i/clkmux_0/inst/clk_out                         | ember_fpga_i/rram_top_wrapper_0/inst/inst/u_spi_slave_rram/u_itrx_apbm_spi/u_spi_fsm/paddr_reg[2]_rep__0_2[0] | ember_fpga_i/rram_top_wrapper_0/inst/inst/u_spi_slave_rram/u_itrx_apbm_spi/u_apb_fsm/preset_n_reg_0 |               14 |             48 |         3.43 |
|  ember_fpga_i/clkmux_0/inst/clk_out                         | ember_fpga_i/rram_top_wrapper_0/inst/inst/u_spi_slave_rram/u_itrx_apbm_spi/u_spi_fsm/paddr_reg[2]_rep__0_1[0] | ember_fpga_i/rram_top_wrapper_0/inst/inst/u_spi_slave_rram/u_itrx_apbm_spi/u_apb_fsm/preset_n_reg_0 |               16 |             48 |         3.00 |
|  ember_fpga_i/clkmux_0/inst/clk_out                         | ember_fpga_i/rram_top_wrapper_0/inst/inst/u_spi_slave_rram/u_itrx_apbm_spi/u_apb_fsm/penable_reg_0[0]         | ember_fpga_i/rram_top_wrapper_0/inst/inst/u_spi_slave_rram/u_itrx_apbm_spi/u_apb_fsm/preset_n_reg_0 |               45 |            148 |         3.29 |
|  ember_fpga_i/clkmux_0/inst/clk_out                         | ember_fpga_i/rram_top_wrapper_0/inst/inst/u_spi_slave_rram/u_itrx_apbm_spi/u_spi_fsm/paddr_reg[1]_rep__4_4[0] | ember_fpga_i/rram_top_wrapper_0/inst/inst/u_spi_slave_rram/u_itrx_apbm_spi/u_apb_fsm/preset_n_reg_0 |               61 |            160 |         2.62 |
|  ember_fpga_i/clkmux_0/inst/clk_out                         | ember_fpga_i/rram_top_wrapper_0/inst/inst/u_spi_slave_rram/u_itrx_apbm_spi/u_spi_fsm/paddr_reg[4]_0[0]        | ember_fpga_i/rram_top_wrapper_0/inst/inst/u_spi_slave_rram/u_itrx_apbm_spi/u_apb_fsm/preset_n_reg_0 |               58 |            160 |         2.76 |
|  ember_fpga_i/clkmux_0/inst/clk_out                         | ember_fpga_i/rram_top_wrapper_0/inst/inst/u_spi_slave_rram/u_itrx_apbm_spi/u_spi_fsm/paddr_reg[0]_1[0]        | ember_fpga_i/rram_top_wrapper_0/inst/inst/u_spi_slave_rram/u_itrx_apbm_spi/u_apb_fsm/preset_n_reg_0 |               57 |            160 |         2.81 |
|  ember_fpga_i/clkmux_0/inst/clk_out                         | ember_fpga_i/rram_top_wrapper_0/inst/inst/u_spi_slave_rram/u_itrx_apbm_spi/u_spi_fsm/paddr_reg[2]_rep__0_5[0] | ember_fpga_i/rram_top_wrapper_0/inst/inst/u_spi_slave_rram/u_itrx_apbm_spi/u_apb_fsm/preset_n_reg_0 |               81 |            160 |         1.98 |
|  ember_fpga_i/clkmux_0/inst/clk_out                         | ember_fpga_i/rram_top_wrapper_0/inst/inst/u_spi_slave_rram/u_itrx_apbm_spi/u_spi_fsm/paddr_reg[1]_rep__4_1[0] | ember_fpga_i/rram_top_wrapper_0/inst/inst/u_spi_slave_rram/u_itrx_apbm_spi/u_apb_fsm/preset_n_reg_0 |               56 |            160 |         2.86 |
|  ember_fpga_i/clkmux_0/inst/clk_out                         | ember_fpga_i/rram_top_wrapper_0/inst/inst/u_spi_slave_rram/u_itrx_apbm_spi/u_spi_fsm/paddr_reg[0]_2[0]        | ember_fpga_i/rram_top_wrapper_0/inst/inst/u_spi_slave_rram/u_itrx_apbm_spi/u_apb_fsm/preset_n_reg_0 |              100 |            160 |         1.60 |
|  ember_fpga_i/clkmux_0/inst/clk_out                         | ember_fpga_i/rram_top_wrapper_0/inst/inst/u_spi_slave_rram/u_itrx_apbm_spi/u_spi_fsm/paddr_reg[0]_0[0]        | ember_fpga_i/rram_top_wrapper_0/inst/inst/u_spi_slave_rram/u_itrx_apbm_spi/u_apb_fsm/preset_n_reg_0 |               56 |            160 |         2.86 |
|  ember_fpga_i/clkmux_0/inst/clk_out                         | ember_fpga_i/rram_top_wrapper_0/inst/inst/u_spi_slave_rram/u_itrx_apbm_spi/u_spi_fsm/pwdata_d                 | PROG_SS_IBUF                                                                                        |               35 |            160 |         4.57 |
|  ember_fpga_i/clkmux_0/inst/clk_out                         | ember_fpga_i/rram_top_wrapper_0/inst/inst/u_spi_slave_rram/u_itrx_apbm_spi/u_spi_fsm/paddr_reg[1]_rep__4_6[0] | ember_fpga_i/rram_top_wrapper_0/inst/inst/u_spi_slave_rram/u_itrx_apbm_spi/u_apb_fsm/preset_n_reg_0 |               50 |            160 |         3.20 |
|  ember_fpga_i/clkmux_0/inst/clk_out                         | ember_fpga_i/rram_top_wrapper_0/inst/inst/u_spi_slave_rram/u_itrx_apbm_spi/u_spi_fsm/paddr_reg[4]_1[0]        | ember_fpga_i/rram_top_wrapper_0/inst/inst/u_spi_slave_rram/u_itrx_apbm_spi/u_apb_fsm/preset_n_reg_0 |               72 |            160 |         2.22 |
|  ember_fpga_i/clkmux_0/inst/clk_out                         | ember_fpga_i/rram_top_wrapper_0/inst/inst/u_spi_slave_rram/u_itrx_apbm_spi/u_spi_fsm/paddr_reg[3]_rep_1[0]    | ember_fpga_i/rram_top_wrapper_0/inst/inst/u_spi_slave_rram/u_itrx_apbm_spi/u_apb_fsm/preset_n_reg_0 |               83 |            160 |         1.93 |
|  ember_fpga_i/clkmux_0/inst/clk_out                         | ember_fpga_i/rram_top_wrapper_0/inst/inst/u_spi_slave_rram/u_itrx_apbm_spi/u_spi_fsm/paddr_reg[1]_rep__4_7[0] | ember_fpga_i/rram_top_wrapper_0/inst/inst/u_spi_slave_rram/u_itrx_apbm_spi/u_apb_fsm/preset_n_reg_0 |               58 |            160 |         2.76 |
|  ember_fpga_i/clkmux_0/inst/clk_out                         | ember_fpga_i/rram_top_wrapper_0/inst/inst/u_spi_slave_rram/u_itrx_apbm_spi/u_spi_fsm/paddr_reg[1]_rep__4_2[0] | ember_fpga_i/rram_top_wrapper_0/inst/inst/u_spi_slave_rram/u_itrx_apbm_spi/u_apb_fsm/preset_n_reg_0 |               55 |            160 |         2.91 |
|  ember_fpga_i/clkmux_0/inst/clk_out                         | ember_fpga_i/rram_top_wrapper_0/inst/inst/u_spi_slave_rram/u_itrx_apbm_spi/u_spi_fsm/paddr_reg[1]_rep__4_3[0] | ember_fpga_i/rram_top_wrapper_0/inst/inst/u_spi_slave_rram/u_itrx_apbm_spi/u_apb_fsm/preset_n_reg_0 |               56 |            160 |         2.86 |
|  ember_fpga_i/clkmux_0/inst/clk_out                         | ember_fpga_i/rram_top_wrapper_0/inst/inst/u_spi_slave_rram/u_itrx_apbm_spi/u_spi_fsm/E[0]                     | ember_fpga_i/rram_top_wrapper_0/inst/inst/u_spi_slave_rram/u_itrx_apbm_spi/u_apb_fsm/preset_n_reg_0 |               45 |            160 |         3.56 |
|  ember_fpga_i/clkmux_0/inst/clk_out                         | ember_fpga_i/rram_top_wrapper_0/inst/inst/u_spi_slave_rram/u_itrx_apbm_spi/u_spi_fsm/paddr_reg[1]_rep__4_5[0] | ember_fpga_i/rram_top_wrapper_0/inst/inst/u_spi_slave_rram/u_itrx_apbm_spi/u_apb_fsm/preset_n_reg_0 |               55 |            160 |         2.91 |
|  ember_fpga_i/clkmux_0/inst/clk_out                         | ember_fpga_i/rram_top_wrapper_0/inst/inst/u_spi_slave_rram/u_itrx_apbm_spi/u_spi_fsm/paddr_reg[1]_rep__4_8[0] | ember_fpga_i/rram_top_wrapper_0/inst/inst/u_spi_slave_rram/u_itrx_apbm_spi/u_apb_fsm/preset_n_reg_0 |               54 |            160 |         2.96 |
|  ember_fpga_i/clkmux_0/inst/clk_out                         | ember_fpga_i/rram_top_wrapper_0/inst/inst/u_spi_slave_rram/u_itrx_apbm_spi/u_spi_fsm/prdata_sr_d_0            | PROG_SS_IBUF                                                                                        |               72 |            161 |         2.24 |
|  ember_fpga_i/rram_top_wrapper_0/inst/inst/u_clock_gen/mclk |                                                                                                               | ember_fpga_i/rram_top_wrapper_0/inst/inst/rram_addr[15]_i_3_n_0                                     |              126 |            228 |         1.81 |
+-------------------------------------------------------------+---------------------------------------------------------------------------------------------------------------+-----------------------------------------------------------------------------------------------------+------------------+----------------+--------------+


