Copyright 1986-2020 Xilinx, Inc. All Rights Reserved.
--------------------------------------------------------------------------------------------------------------------------------------------------------------------------------------------
| Tool Version : Vivado v.2020.2 (lin64) Build 3064766 Wed Nov 18 09:12:47 MST 2020
| Date         : Wed Jan 25 13:50:58 2023
| Host         : r7cad-tsmc40r running 64-bit CentOS Linux release 7.6.1810 (Core)
| Command      : report_methodology -file ember_fpga_wrapper_methodology_drc_routed.rpt -pb ember_fpga_wrapper_methodology_drc_routed.pb -rpx ember_fpga_wrapper_methodology_drc_routed.rpx
| Design       : ember_fpga_wrapper
| Device       : xc7k325tffg900-2
| Speed File   : -2
| Design State : Fully Routed
--------------------------------------------------------------------------------------------------------------------------------------------------------------------------------------------

Report Methodology

Table of Contents
-----------------
1. REPORT SUMMARY
2. REPORT DETAILS

1. REPORT SUMMARY
-----------------
            Netlist: netlist
          Floorplan: design_1
      Design limits: <entire design considered>
             Max violations: <unlimited>
             Violations found: 67
+-----------+------------------+------------------------------------------+------------+
| Rule      | Severity         | Description                              | Violations |
+-----------+------------------+------------------------------------------+------------+
| TIMING-14 | Critical Warning | LUT on the clock tree                    | 1          |
| LUTAR-1   | Warning          | LUT drives async reset alert             | 1          |
| XDCH-2    | Warning          | Same min and max delay values on IO port | 65         |
+-----------+------------------+------------------------------------------+------------+

2. REPORT DETAILS
-----------------
TIMING-14#1 Critical Warning
LUT on the clock tree  
The LUT ember_fpga_i/rram_top_wrapper_0/inst/inst/u_clock_gen/sa_clk_INST_0 has been found on the clock tree. Run opt_design to optimize the clock trees, then re-run report_methodology. If LUT(s) are still present in the clock trees, modify the RTL or the synthesis options accordingly to move the clock gating logic to dedicated clock enable resources. Keep in mind that post-opt_design database cannot be used for pin-planning tasks
Related violations: <none>

LUTAR-1#1 Warning
LUT drives async reset alert  
LUT cell ember_fpga_i/rram_top_wrapper_0/inst/inst/u_spi_slave_rram/u_itrx_apbm_spi/u_apb_fsm/fsm_go_i_2, with 2 or more inputs, drives asynchronous preset/clear pin(s) ember_fpga_i/rram_top_wrapper_0/inst/inst/u_spi_slave_rram/addr_bits_reg[0]/CLR,
ember_fpga_i/rram_top_wrapper_0/inst/inst/u_spi_slave_rram/addr_bits_reg[10]/CLR,
ember_fpga_i/rram_top_wrapper_0/inst/inst/u_spi_slave_rram/addr_bits_reg[11]/CLR,
ember_fpga_i/rram_top_wrapper_0/inst/inst/u_spi_slave_rram/addr_bits_reg[12]/CLR,
ember_fpga_i/rram_top_wrapper_0/inst/inst/u_spi_slave_rram/addr_bits_reg[13]/CLR,
ember_fpga_i/rram_top_wrapper_0/inst/inst/u_spi_slave_rram/addr_bits_reg[14]/CLR,
ember_fpga_i/rram_top_wrapper_0/inst/inst/u_spi_slave_rram/addr_bits_reg[15]/CLR,
ember_fpga_i/rram_top_wrapper_0/inst/inst/u_spi_slave_rram/addr_bits_reg[16]/CLR,
ember_fpga_i/rram_top_wrapper_0/inst/inst/u_spi_slave_rram/addr_bits_reg[17]/CLR,
ember_fpga_i/rram_top_wrapper_0/inst/inst/u_spi_slave_rram/addr_bits_reg[18]/CLR,
ember_fpga_i/rram_top_wrapper_0/inst/inst/u_spi_slave_rram/addr_bits_reg[19]/CLR,
ember_fpga_i/rram_top_wrapper_0/inst/inst/u_spi_slave_rram/addr_bits_reg[1]/CLR,
ember_fpga_i/rram_top_wrapper_0/inst/inst/u_spi_slave_rram/addr_bits_reg[20]/CLR,
ember_fpga_i/rram_top_wrapper_0/inst/inst/u_spi_slave_rram/addr_bits_reg[21]/CLR,
ember_fpga_i/rram_top_wrapper_0/inst/inst/u_spi_slave_rram/addr_bits_reg[22]/CLR
 (the first 15 of 2953 listed). The LUT may glitch and trigger an unexpected reset, even if it is a properly timed path.
Related violations: <none>

XDCH-2#1 Warning
Same min and max delay values on IO port  
The same input delay of 2.000 ns has been defined on port 'mosi_in' relative to clock sclk_in for both max and min. Make sure this reflects the design intent.
set_input_delay -clock [get_clocks sclk_in] -clock_fall 2.000 [get_ports mosi_in]
/sim2/akashl/ember-fpga/ember-genesys2.srcs/constrs_1/imports/constrs_1/imports/ember-fpga/Genesys2_EMBER.xdc (Line: 596)
Related violations: <none>

XDCH-2#2 Warning
Same min and max delay values on IO port  
The same input delay of 4.000 ns has been defined on port 'sa_do[0]' relative to clock sclk_in for both max and min. Make sure this reflects the design intent.
set_input_delay -clock [get_clocks sclk_in] 4.000 [get_ports {sa_rdy sa_do}]
/sim2/akashl/ember-fpga/ember-genesys2.srcs/constrs_1/imports/constrs_1/imports/ember-fpga/Genesys2_EMBER.xdc (Line: 595)
Related violations: <none>

XDCH-2#3 Warning
Same min and max delay values on IO port  
The same input delay of 4.000 ns has been defined on port 'sa_do[10]' relative to clock sclk_in for both max and min. Make sure this reflects the design intent.
set_input_delay -clock [get_clocks sclk_in] 4.000 [get_ports {sa_rdy sa_do}]
/sim2/akashl/ember-fpga/ember-genesys2.srcs/constrs_1/imports/constrs_1/imports/ember-fpga/Genesys2_EMBER.xdc (Line: 595)
Related violations: <none>

XDCH-2#4 Warning
Same min and max delay values on IO port  
The same input delay of 4.000 ns has been defined on port 'sa_do[11]' relative to clock sclk_in for both max and min. Make sure this reflects the design intent.
set_input_delay -clock [get_clocks sclk_in] 4.000 [get_ports {sa_rdy sa_do}]
/sim2/akashl/ember-fpga/ember-genesys2.srcs/constrs_1/imports/constrs_1/imports/ember-fpga/Genesys2_EMBER.xdc (Line: 595)
Related violations: <none>

XDCH-2#5 Warning
Same min and max delay values on IO port  
The same input delay of 4.000 ns has been defined on port 'sa_do[12]' relative to clock sclk_in for both max and min. Make sure this reflects the design intent.
set_input_delay -clock [get_clocks sclk_in] 4.000 [get_ports {sa_rdy sa_do}]
/sim2/akashl/ember-fpga/ember-genesys2.srcs/constrs_1/imports/constrs_1/imports/ember-fpga/Genesys2_EMBER.xdc (Line: 595)
Related violations: <none>

XDCH-2#6 Warning
Same min and max delay values on IO port  
The same input delay of 4.000 ns has been defined on port 'sa_do[13]' relative to clock sclk_in for both max and min. Make sure this reflects the design intent.
set_input_delay -clock [get_clocks sclk_in] 4.000 [get_ports {sa_rdy sa_do}]
/sim2/akashl/ember-fpga/ember-genesys2.srcs/constrs_1/imports/constrs_1/imports/ember-fpga/Genesys2_EMBER.xdc (Line: 595)
Related violations: <none>

XDCH-2#7 Warning
Same min and max delay values on IO port  
The same input delay of 4.000 ns has been defined on port 'sa_do[14]' relative to clock sclk_in for both max and min. Make sure this reflects the design intent.
set_input_delay -clock [get_clocks sclk_in] 4.000 [get_ports {sa_rdy sa_do}]
/sim2/akashl/ember-fpga/ember-genesys2.srcs/constrs_1/imports/constrs_1/imports/ember-fpga/Genesys2_EMBER.xdc (Line: 595)
Related violations: <none>

XDCH-2#8 Warning
Same min and max delay values on IO port  
The same input delay of 4.000 ns has been defined on port 'sa_do[15]' relative to clock sclk_in for both max and min. Make sure this reflects the design intent.
set_input_delay -clock [get_clocks sclk_in] 4.000 [get_ports {sa_rdy sa_do}]
/sim2/akashl/ember-fpga/ember-genesys2.srcs/constrs_1/imports/constrs_1/imports/ember-fpga/Genesys2_EMBER.xdc (Line: 595)
Related violations: <none>

XDCH-2#9 Warning
Same min and max delay values on IO port  
The same input delay of 4.000 ns has been defined on port 'sa_do[16]' relative to clock sclk_in for both max and min. Make sure this reflects the design intent.
set_input_delay -clock [get_clocks sclk_in] 4.000 [get_ports {sa_rdy sa_do}]
/sim2/akashl/ember-fpga/ember-genesys2.srcs/constrs_1/imports/constrs_1/imports/ember-fpga/Genesys2_EMBER.xdc (Line: 595)
Related violations: <none>

XDCH-2#10 Warning
Same min and max delay values on IO port  
The same input delay of 4.000 ns has been defined on port 'sa_do[17]' relative to clock sclk_in for both max and min. Make sure this reflects the design intent.
set_input_delay -clock [get_clocks sclk_in] 4.000 [get_ports {sa_rdy sa_do}]
/sim2/akashl/ember-fpga/ember-genesys2.srcs/constrs_1/imports/constrs_1/imports/ember-fpga/Genesys2_EMBER.xdc (Line: 595)
Related violations: <none>

XDCH-2#11 Warning
Same min and max delay values on IO port  
The same input delay of 4.000 ns has been defined on port 'sa_do[18]' relative to clock sclk_in for both max and min. Make sure this reflects the design intent.
set_input_delay -clock [get_clocks sclk_in] 4.000 [get_ports {sa_rdy sa_do}]
/sim2/akashl/ember-fpga/ember-genesys2.srcs/constrs_1/imports/constrs_1/imports/ember-fpga/Genesys2_EMBER.xdc (Line: 595)
Related violations: <none>

XDCH-2#12 Warning
Same min and max delay values on IO port  
The same input delay of 4.000 ns has been defined on port 'sa_do[19]' relative to clock sclk_in for both max and min. Make sure this reflects the design intent.
set_input_delay -clock [get_clocks sclk_in] 4.000 [get_ports {sa_rdy sa_do}]
/sim2/akashl/ember-fpga/ember-genesys2.srcs/constrs_1/imports/constrs_1/imports/ember-fpga/Genesys2_EMBER.xdc (Line: 595)
Related violations: <none>

XDCH-2#13 Warning
Same min and max delay values on IO port  
The same input delay of 4.000 ns has been defined on port 'sa_do[1]' relative to clock sclk_in for both max and min. Make sure this reflects the design intent.
set_input_delay -clock [get_clocks sclk_in] 4.000 [get_ports {sa_rdy sa_do}]
/sim2/akashl/ember-fpga/ember-genesys2.srcs/constrs_1/imports/constrs_1/imports/ember-fpga/Genesys2_EMBER.xdc (Line: 595)
Related violations: <none>

XDCH-2#14 Warning
Same min and max delay values on IO port  
The same input delay of 4.000 ns has been defined on port 'sa_do[20]' relative to clock sclk_in for both max and min. Make sure this reflects the design intent.
set_input_delay -clock [get_clocks sclk_in] 4.000 [get_ports {sa_rdy sa_do}]
/sim2/akashl/ember-fpga/ember-genesys2.srcs/constrs_1/imports/constrs_1/imports/ember-fpga/Genesys2_EMBER.xdc (Line: 595)
Related violations: <none>

XDCH-2#15 Warning
Same min and max delay values on IO port  
The same input delay of 4.000 ns has been defined on port 'sa_do[21]' relative to clock sclk_in for both max and min. Make sure this reflects the design intent.
set_input_delay -clock [get_clocks sclk_in] 4.000 [get_ports {sa_rdy sa_do}]
/sim2/akashl/ember-fpga/ember-genesys2.srcs/constrs_1/imports/constrs_1/imports/ember-fpga/Genesys2_EMBER.xdc (Line: 595)
Related violations: <none>

XDCH-2#16 Warning
Same min and max delay values on IO port  
The same input delay of 4.000 ns has been defined on port 'sa_do[22]' relative to clock sclk_in for both max and min. Make sure this reflects the design intent.
set_input_delay -clock [get_clocks sclk_in] 4.000 [get_ports {sa_rdy sa_do}]
/sim2/akashl/ember-fpga/ember-genesys2.srcs/constrs_1/imports/constrs_1/imports/ember-fpga/Genesys2_EMBER.xdc (Line: 595)
Related violations: <none>

XDCH-2#17 Warning
Same min and max delay values on IO port  
The same input delay of 4.000 ns has been defined on port 'sa_do[23]' relative to clock sclk_in for both max and min. Make sure this reflects the design intent.
set_input_delay -clock [get_clocks sclk_in] 4.000 [get_ports {sa_rdy sa_do}]
/sim2/akashl/ember-fpga/ember-genesys2.srcs/constrs_1/imports/constrs_1/imports/ember-fpga/Genesys2_EMBER.xdc (Line: 595)
Related violations: <none>

XDCH-2#18 Warning
Same min and max delay values on IO port  
The same input delay of 4.000 ns has been defined on port 'sa_do[24]' relative to clock sclk_in for both max and min. Make sure this reflects the design intent.
set_input_delay -clock [get_clocks sclk_in] 4.000 [get_ports {sa_rdy sa_do}]
/sim2/akashl/ember-fpga/ember-genesys2.srcs/constrs_1/imports/constrs_1/imports/ember-fpga/Genesys2_EMBER.xdc (Line: 595)
Related violations: <none>

XDCH-2#19 Warning
Same min and max delay values on IO port  
The same input delay of 4.000 ns has been defined on port 'sa_do[25]' relative to clock sclk_in for both max and min. Make sure this reflects the design intent.
set_input_delay -clock [get_clocks sclk_in] 4.000 [get_ports {sa_rdy sa_do}]
/sim2/akashl/ember-fpga/ember-genesys2.srcs/constrs_1/imports/constrs_1/imports/ember-fpga/Genesys2_EMBER.xdc (Line: 595)
Related violations: <none>

XDCH-2#20 Warning
Same min and max delay values on IO port  
The same input delay of 4.000 ns has been defined on port 'sa_do[26]' relative to clock sclk_in for both max and min. Make sure this reflects the design intent.
set_input_delay -clock [get_clocks sclk_in] 4.000 [get_ports {sa_rdy sa_do}]
/sim2/akashl/ember-fpga/ember-genesys2.srcs/constrs_1/imports/constrs_1/imports/ember-fpga/Genesys2_EMBER.xdc (Line: 595)
Related violations: <none>

XDCH-2#21 Warning
Same min and max delay values on IO port  
The same input delay of 4.000 ns has been defined on port 'sa_do[27]' relative to clock sclk_in for both max and min. Make sure this reflects the design intent.
set_input_delay -clock [get_clocks sclk_in] 4.000 [get_ports {sa_rdy sa_do}]
/sim2/akashl/ember-fpga/ember-genesys2.srcs/constrs_1/imports/constrs_1/imports/ember-fpga/Genesys2_EMBER.xdc (Line: 595)
Related violations: <none>

XDCH-2#22 Warning
Same min and max delay values on IO port  
The same input delay of 4.000 ns has been defined on port 'sa_do[28]' relative to clock sclk_in for both max and min. Make sure this reflects the design intent.
set_input_delay -clock [get_clocks sclk_in] 4.000 [get_ports {sa_rdy sa_do}]
/sim2/akashl/ember-fpga/ember-genesys2.srcs/constrs_1/imports/constrs_1/imports/ember-fpga/Genesys2_EMBER.xdc (Line: 595)
Related violations: <none>

XDCH-2#23 Warning
Same min and max delay values on IO port  
The same input delay of 4.000 ns has been defined on port 'sa_do[29]' relative to clock sclk_in for both max and min. Make sure this reflects the design intent.
set_input_delay -clock [get_clocks sclk_in] 4.000 [get_ports {sa_rdy sa_do}]
/sim2/akashl/ember-fpga/ember-genesys2.srcs/constrs_1/imports/constrs_1/imports/ember-fpga/Genesys2_EMBER.xdc (Line: 595)
Related violations: <none>

XDCH-2#24 Warning
Same min and max delay values on IO port  
The same input delay of 4.000 ns has been defined on port 'sa_do[2]' relative to clock sclk_in for both max and min. Make sure this reflects the design intent.
set_input_delay -clock [get_clocks sclk_in] 4.000 [get_ports {sa_rdy sa_do}]
/sim2/akashl/ember-fpga/ember-genesys2.srcs/constrs_1/imports/constrs_1/imports/ember-fpga/Genesys2_EMBER.xdc (Line: 595)
Related violations: <none>

XDCH-2#25 Warning
Same min and max delay values on IO port  
The same input delay of 4.000 ns has been defined on port 'sa_do[30]' relative to clock sclk_in for both max and min. Make sure this reflects the design intent.
set_input_delay -clock [get_clocks sclk_in] 4.000 [get_ports {sa_rdy sa_do}]
/sim2/akashl/ember-fpga/ember-genesys2.srcs/constrs_1/imports/constrs_1/imports/ember-fpga/Genesys2_EMBER.xdc (Line: 595)
Related violations: <none>

XDCH-2#26 Warning
Same min and max delay values on IO port  
The same input delay of 4.000 ns has been defined on port 'sa_do[31]' relative to clock sclk_in for both max and min. Make sure this reflects the design intent.
set_input_delay -clock [get_clocks sclk_in] 4.000 [get_ports {sa_rdy sa_do}]
/sim2/akashl/ember-fpga/ember-genesys2.srcs/constrs_1/imports/constrs_1/imports/ember-fpga/Genesys2_EMBER.xdc (Line: 595)
Related violations: <none>

XDCH-2#27 Warning
Same min and max delay values on IO port  
The same input delay of 4.000 ns has been defined on port 'sa_do[32]' relative to clock sclk_in for both max and min. Make sure this reflects the design intent.
set_input_delay -clock [get_clocks sclk_in] 4.000 [get_ports {sa_rdy sa_do}]
/sim2/akashl/ember-fpga/ember-genesys2.srcs/constrs_1/imports/constrs_1/imports/ember-fpga/Genesys2_EMBER.xdc (Line: 595)
Related violations: <none>

XDCH-2#28 Warning
Same min and max delay values on IO port  
The same input delay of 4.000 ns has been defined on port 'sa_do[33]' relative to clock sclk_in for both max and min. Make sure this reflects the design intent.
set_input_delay -clock [get_clocks sclk_in] 4.000 [get_ports {sa_rdy sa_do}]
/sim2/akashl/ember-fpga/ember-genesys2.srcs/constrs_1/imports/constrs_1/imports/ember-fpga/Genesys2_EMBER.xdc (Line: 595)
Related violations: <none>

XDCH-2#29 Warning
Same min and max delay values on IO port  
The same input delay of 4.000 ns has been defined on port 'sa_do[34]' relative to clock sclk_in for both max and min. Make sure this reflects the design intent.
set_input_delay -clock [get_clocks sclk_in] 4.000 [get_ports {sa_rdy sa_do}]
/sim2/akashl/ember-fpga/ember-genesys2.srcs/constrs_1/imports/constrs_1/imports/ember-fpga/Genesys2_EMBER.xdc (Line: 595)
Related violations: <none>

XDCH-2#30 Warning
Same min and max delay values on IO port  
The same input delay of 4.000 ns has been defined on port 'sa_do[35]' relative to clock sclk_in for both max and min. Make sure this reflects the design intent.
set_input_delay -clock [get_clocks sclk_in] 4.000 [get_ports {sa_rdy sa_do}]
/sim2/akashl/ember-fpga/ember-genesys2.srcs/constrs_1/imports/constrs_1/imports/ember-fpga/Genesys2_EMBER.xdc (Line: 595)
Related violations: <none>

XDCH-2#31 Warning
Same min and max delay values on IO port  
The same input delay of 4.000 ns has been defined on port 'sa_do[36]' relative to clock sclk_in for both max and min. Make sure this reflects the design intent.
set_input_delay -clock [get_clocks sclk_in] 4.000 [get_ports {sa_rdy sa_do}]
/sim2/akashl/ember-fpga/ember-genesys2.srcs/constrs_1/imports/constrs_1/imports/ember-fpga/Genesys2_EMBER.xdc (Line: 595)
Related violations: <none>

XDCH-2#32 Warning
Same min and max delay values on IO port  
The same input delay of 4.000 ns has been defined on port 'sa_do[37]' relative to clock sclk_in for both max and min. Make sure this reflects the design intent.
set_input_delay -clock [get_clocks sclk_in] 4.000 [get_ports {sa_rdy sa_do}]
/sim2/akashl/ember-fpga/ember-genesys2.srcs/constrs_1/imports/constrs_1/imports/ember-fpga/Genesys2_EMBER.xdc (Line: 595)
Related violations: <none>

XDCH-2#33 Warning
Same min and max delay values on IO port  
The same input delay of 4.000 ns has been defined on port 'sa_do[38]' relative to clock sclk_in for both max and min. Make sure this reflects the design intent.
set_input_delay -clock [get_clocks sclk_in] 4.000 [get_ports {sa_rdy sa_do}]
/sim2/akashl/ember-fpga/ember-genesys2.srcs/constrs_1/imports/constrs_1/imports/ember-fpga/Genesys2_EMBER.xdc (Line: 595)
Related violations: <none>

XDCH-2#34 Warning
Same min and max delay values on IO port  
The same input delay of 4.000 ns has been defined on port 'sa_do[39]' relative to clock sclk_in for both max and min. Make sure this reflects the design intent.
set_input_delay -clock [get_clocks sclk_in] 4.000 [get_ports {sa_rdy sa_do}]
/sim2/akashl/ember-fpga/ember-genesys2.srcs/constrs_1/imports/constrs_1/imports/ember-fpga/Genesys2_EMBER.xdc (Line: 595)
Related violations: <none>

XDCH-2#35 Warning
Same min and max delay values on IO port  
The same input delay of 4.000 ns has been defined on port 'sa_do[3]' relative to clock sclk_in for both max and min. Make sure this reflects the design intent.
set_input_delay -clock [get_clocks sclk_in] 4.000 [get_ports {sa_rdy sa_do}]
/sim2/akashl/ember-fpga/ember-genesys2.srcs/constrs_1/imports/constrs_1/imports/ember-fpga/Genesys2_EMBER.xdc (Line: 595)
Related violations: <none>

XDCH-2#36 Warning
Same min and max delay values on IO port  
The same input delay of 4.000 ns has been defined on port 'sa_do[40]' relative to clock sclk_in for both max and min. Make sure this reflects the design intent.
set_input_delay -clock [get_clocks sclk_in] 4.000 [get_ports {sa_rdy sa_do}]
/sim2/akashl/ember-fpga/ember-genesys2.srcs/constrs_1/imports/constrs_1/imports/ember-fpga/Genesys2_EMBER.xdc (Line: 595)
Related violations: <none>

XDCH-2#37 Warning
Same min and max delay values on IO port  
The same input delay of 4.000 ns has been defined on port 'sa_do[41]' relative to clock sclk_in for both max and min. Make sure this reflects the design intent.
set_input_delay -clock [get_clocks sclk_in] 4.000 [get_ports {sa_rdy sa_do}]
/sim2/akashl/ember-fpga/ember-genesys2.srcs/constrs_1/imports/constrs_1/imports/ember-fpga/Genesys2_EMBER.xdc (Line: 595)
Related violations: <none>

XDCH-2#38 Warning
Same min and max delay values on IO port  
The same input delay of 4.000 ns has been defined on port 'sa_do[42]' relative to clock sclk_in for both max and min. Make sure this reflects the design intent.
set_input_delay -clock [get_clocks sclk_in] 4.000 [get_ports {sa_rdy sa_do}]
/sim2/akashl/ember-fpga/ember-genesys2.srcs/constrs_1/imports/constrs_1/imports/ember-fpga/Genesys2_EMBER.xdc (Line: 595)
Related violations: <none>

XDCH-2#39 Warning
Same min and max delay values on IO port  
The same input delay of 4.000 ns has been defined on port 'sa_do[43]' relative to clock sclk_in for both max and min. Make sure this reflects the design intent.
set_input_delay -clock [get_clocks sclk_in] 4.000 [get_ports {sa_rdy sa_do}]
/sim2/akashl/ember-fpga/ember-genesys2.srcs/constrs_1/imports/constrs_1/imports/ember-fpga/Genesys2_EMBER.xdc (Line: 595)
Related violations: <none>

XDCH-2#40 Warning
Same min and max delay values on IO port  
The same input delay of 4.000 ns has been defined on port 'sa_do[44]' relative to clock sclk_in for both max and min. Make sure this reflects the design intent.
set_input_delay -clock [get_clocks sclk_in] 4.000 [get_ports {sa_rdy sa_do}]
/sim2/akashl/ember-fpga/ember-genesys2.srcs/constrs_1/imports/constrs_1/imports/ember-fpga/Genesys2_EMBER.xdc (Line: 595)
Related violations: <none>

XDCH-2#41 Warning
Same min and max delay values on IO port  
The same input delay of 4.000 ns has been defined on port 'sa_do[45]' relative to clock sclk_in for both max and min. Make sure this reflects the design intent.
set_input_delay -clock [get_clocks sclk_in] 4.000 [get_ports {sa_rdy sa_do}]
/sim2/akashl/ember-fpga/ember-genesys2.srcs/constrs_1/imports/constrs_1/imports/ember-fpga/Genesys2_EMBER.xdc (Line: 595)
Related violations: <none>

XDCH-2#42 Warning
Same min and max delay values on IO port  
The same input delay of 4.000 ns has been defined on port 'sa_do[46]' relative to clock sclk_in for both max and min. Make sure this reflects the design intent.
set_input_delay -clock [get_clocks sclk_in] 4.000 [get_ports {sa_rdy sa_do}]
/sim2/akashl/ember-fpga/ember-genesys2.srcs/constrs_1/imports/constrs_1/imports/ember-fpga/Genesys2_EMBER.xdc (Line: 595)
Related violations: <none>

XDCH-2#43 Warning
Same min and max delay values on IO port  
The same input delay of 4.000 ns has been defined on port 'sa_do[47]' relative to clock sclk_in for both max and min. Make sure this reflects the design intent.
set_input_delay -clock [get_clocks sclk_in] 4.000 [get_ports {sa_rdy sa_do}]
/sim2/akashl/ember-fpga/ember-genesys2.srcs/constrs_1/imports/constrs_1/imports/ember-fpga/Genesys2_EMBER.xdc (Line: 595)
Related violations: <none>

XDCH-2#44 Warning
Same min and max delay values on IO port  
The same input delay of 4.000 ns has been defined on port 'sa_do[4]' relative to clock sclk_in for both max and min. Make sure this reflects the design intent.
set_input_delay -clock [get_clocks sclk_in] 4.000 [get_ports {sa_rdy sa_do}]
/sim2/akashl/ember-fpga/ember-genesys2.srcs/constrs_1/imports/constrs_1/imports/ember-fpga/Genesys2_EMBER.xdc (Line: 595)
Related violations: <none>

XDCH-2#45 Warning
Same min and max delay values on IO port  
The same input delay of 4.000 ns has been defined on port 'sa_do[5]' relative to clock sclk_in for both max and min. Make sure this reflects the design intent.
set_input_delay -clock [get_clocks sclk_in] 4.000 [get_ports {sa_rdy sa_do}]
/sim2/akashl/ember-fpga/ember-genesys2.srcs/constrs_1/imports/constrs_1/imports/ember-fpga/Genesys2_EMBER.xdc (Line: 595)
Related violations: <none>

XDCH-2#46 Warning
Same min and max delay values on IO port  
The same input delay of 4.000 ns has been defined on port 'sa_do[6]' relative to clock sclk_in for both max and min. Make sure this reflects the design intent.
set_input_delay -clock [get_clocks sclk_in] 4.000 [get_ports {sa_rdy sa_do}]
/sim2/akashl/ember-fpga/ember-genesys2.srcs/constrs_1/imports/constrs_1/imports/ember-fpga/Genesys2_EMBER.xdc (Line: 595)
Related violations: <none>

XDCH-2#47 Warning
Same min and max delay values on IO port  
The same input delay of 4.000 ns has been defined on port 'sa_do[7]' relative to clock sclk_in for both max and min. Make sure this reflects the design intent.
set_input_delay -clock [get_clocks sclk_in] 4.000 [get_ports {sa_rdy sa_do}]
/sim2/akashl/ember-fpga/ember-genesys2.srcs/constrs_1/imports/constrs_1/imports/ember-fpga/Genesys2_EMBER.xdc (Line: 595)
Related violations: <none>

XDCH-2#48 Warning
Same min and max delay values on IO port  
The same input delay of 4.000 ns has been defined on port 'sa_do[8]' relative to clock sclk_in for both max and min. Make sure this reflects the design intent.
set_input_delay -clock [get_clocks sclk_in] 4.000 [get_ports {sa_rdy sa_do}]
/sim2/akashl/ember-fpga/ember-genesys2.srcs/constrs_1/imports/constrs_1/imports/ember-fpga/Genesys2_EMBER.xdc (Line: 595)
Related violations: <none>

XDCH-2#49 Warning
Same min and max delay values on IO port  
The same input delay of 4.000 ns has been defined on port 'sa_do[9]' relative to clock sclk_in for both max and min. Make sure this reflects the design intent.
set_input_delay -clock [get_clocks sclk_in] 4.000 [get_ports {sa_rdy sa_do}]
/sim2/akashl/ember-fpga/ember-genesys2.srcs/constrs_1/imports/constrs_1/imports/ember-fpga/Genesys2_EMBER.xdc (Line: 595)
Related violations: <none>

XDCH-2#50 Warning
Same min and max delay values on IO port  
The same input delay of 4.000 ns has been defined on port 'sa_rdy' relative to clock sclk_in for both max and min. Make sure this reflects the design intent.
set_input_delay -clock [get_clocks sclk_in] 4.000 [get_ports {sa_rdy sa_do}]
/sim2/akashl/ember-fpga/ember-genesys2.srcs/constrs_1/imports/constrs_1/imports/ember-fpga/Genesys2_EMBER.xdc (Line: 595)
Related violations: <none>

XDCH-2#51 Warning
Same min and max delay values on IO port  
The same output delay of 2.000 ns has been defined on port 'cpu_resetn_led' relative to clock sclk_in for both max and min. Make sure this reflects the design intent.
set_output_delay -clock [get_clocks sclk_in] 2.000 [get_ports [all_outputs]]
/sim2/akashl/ember-fpga/ember-genesys2.srcs/constrs_1/imports/constrs_1/imports/ember-fpga/Genesys2_EMBER.xdc (Line: 597)
Related violations: <none>

XDCH-2#52 Warning
Same min and max delay values on IO port  
The same output delay of 2.000 ns has been defined on port 'mclk_pause_led' relative to clock sclk_in for both max and min. Make sure this reflects the design intent.
set_output_delay -clock [get_clocks sclk_in] 2.000 [get_ports [all_outputs]]
/sim2/akashl/ember-fpga/ember-genesys2.srcs/constrs_1/imports/constrs_1/imports/ember-fpga/Genesys2_EMBER.xdc (Line: 597)
Related violations: <none>

XDCH-2#53 Warning
Same min and max delay values on IO port  
The same output delay of 2.000 ns has been defined on port 'mclk_pause_out' relative to clock sclk_in for both max and min. Make sure this reflects the design intent.
set_output_delay -clock [get_clocks sclk_in] 2.000 [get_ports [all_outputs]]
/sim2/akashl/ember-fpga/ember-genesys2.srcs/constrs_1/imports/constrs_1/imports/ember-fpga/Genesys2_EMBER.xdc (Line: 597)
Related violations: <none>

XDCH-2#54 Warning
Same min and max delay values on IO port  
The same output delay of 2.000 ns has been defined on port 'miso' relative to clock sclk_in for both max and min. Make sure this reflects the design intent.
set_output_delay -clock [get_clocks sclk_in] 2.000 [get_ports [all_outputs]]
/sim2/akashl/ember-fpga/ember-genesys2.srcs/constrs_1/imports/constrs_1/imports/ember-fpga/Genesys2_EMBER.xdc (Line: 597)
Related violations: <none>

XDCH-2#55 Warning
Same min and max delay values on IO port  
The same output delay of 2.000 ns has been defined on port 'miso_led' relative to clock sclk_in for both max and min. Make sure this reflects the design intent.
set_output_delay -clock [get_clocks sclk_in] 2.000 [get_ports [all_outputs]]
/sim2/akashl/ember-fpga/ember-genesys2.srcs/constrs_1/imports/constrs_1/imports/ember-fpga/Genesys2_EMBER.xdc (Line: 597)
Related violations: <none>

XDCH-2#56 Warning
Same min and max delay values on IO port  
The same output delay of 2.000 ns has been defined on port 'mosi_led' relative to clock sclk_in for both max and min. Make sure this reflects the design intent.
set_output_delay -clock [get_clocks sclk_in] 2.000 [get_ports [all_outputs]]
/sim2/akashl/ember-fpga/ember-genesys2.srcs/constrs_1/imports/constrs_1/imports/ember-fpga/Genesys2_EMBER.xdc (Line: 597)
Related violations: <none>

XDCH-2#57 Warning
Same min and max delay values on IO port  
The same output delay of 2.000 ns has been defined on port 'mosi_out' relative to clock sclk_in for both max and min. Make sure this reflects the design intent.
set_output_delay -clock [get_clocks sclk_in] 2.000 [get_ports [all_outputs]]
/sim2/akashl/ember-fpga/ember-genesys2.srcs/constrs_1/imports/constrs_1/imports/ember-fpga/Genesys2_EMBER.xdc (Line: 597)
Related violations: <none>

XDCH-2#58 Warning
Same min and max delay values on IO port  
The same output delay of 2.000 ns has been defined on port 'rram_busy_ember_led' relative to clock sclk_in for both max and min. Make sure this reflects the design intent.
set_output_delay -clock [get_clocks sclk_in] 2.000 [get_ports [all_outputs]]
/sim2/akashl/ember-fpga/ember-genesys2.srcs/constrs_1/imports/constrs_1/imports/ember-fpga/Genesys2_EMBER.xdc (Line: 597)
Related violations: <none>

XDCH-2#59 Warning
Same min and max delay values on IO port  
The same output delay of 2.000 ns has been defined on port 'rram_busy_fpga_led' relative to clock sclk_in for both max and min. Make sure this reflects the design intent.
set_output_delay -clock [get_clocks sclk_in] 2.000 [get_ports [all_outputs]]
/sim2/akashl/ember-fpga/ember-genesys2.srcs/constrs_1/imports/constrs_1/imports/ember-fpga/Genesys2_EMBER.xdc (Line: 597)
Related violations: <none>

XDCH-2#60 Warning
Same min and max delay values on IO port  
The same output delay of 2.000 ns has been defined on port 'rram_busy_out' relative to clock sclk_in for both max and min. Make sure this reflects the design intent.
set_output_delay -clock [get_clocks sclk_in] 2.000 [get_ports [all_outputs]]
/sim2/akashl/ember-fpga/ember-genesys2.srcs/constrs_1/imports/constrs_1/imports/ember-fpga/Genesys2_EMBER.xdc (Line: 597)
Related violations: <none>

XDCH-2#61 Warning
Same min and max delay values on IO port  
The same output delay of 2.000 ns has been defined on port 'rst_n_out' relative to clock sclk_in for both max and min. Make sure this reflects the design intent.
set_output_delay -clock [get_clocks sclk_in] 2.000 [get_ports [all_outputs]]
/sim2/akashl/ember-fpga/ember-genesys2.srcs/constrs_1/imports/constrs_1/imports/ember-fpga/Genesys2_EMBER.xdc (Line: 597)
Related violations: <none>

XDCH-2#62 Warning
Same min and max delay values on IO port  
The same output delay of 2.000 ns has been defined on port 'sc_led' relative to clock sclk_in for both max and min. Make sure this reflects the design intent.
set_output_delay -clock [get_clocks sclk_in] 2.000 [get_ports [all_outputs]]
/sim2/akashl/ember-fpga/ember-genesys2.srcs/constrs_1/imports/constrs_1/imports/ember-fpga/Genesys2_EMBER.xdc (Line: 597)
Related violations: <none>

XDCH-2#63 Warning
Same min and max delay values on IO port  
The same output delay of 2.000 ns has been defined on port 'sc_out' relative to clock sclk_in for both max and min. Make sure this reflects the design intent.
set_output_delay -clock [get_clocks sclk_in] 2.000 [get_ports [all_outputs]]
/sim2/akashl/ember-fpga/ember-genesys2.srcs/constrs_1/imports/constrs_1/imports/ember-fpga/Genesys2_EMBER.xdc (Line: 597)
Related violations: <none>

XDCH-2#64 Warning
Same min and max delay values on IO port  
The same output delay of 2.000 ns has been defined on port 'sclk_led' relative to clock sclk_in for both max and min. Make sure this reflects the design intent.
set_output_delay -clock [get_clocks sclk_in] 2.000 [get_ports [all_outputs]]
/sim2/akashl/ember-fpga/ember-genesys2.srcs/constrs_1/imports/constrs_1/imports/ember-fpga/Genesys2_EMBER.xdc (Line: 597)
Related violations: <none>

XDCH-2#65 Warning
Same min and max delay values on IO port  
The same output delay of 2.000 ns has been defined on port 'sclk_out' relative to clock sclk_in for both max and min. Make sure this reflects the design intent.
set_output_delay -clock [get_clocks sclk_in] 2.000 [get_ports [all_outputs]]
/sim2/akashl/ember-fpga/ember-genesys2.srcs/constrs_1/imports/constrs_1/imports/ember-fpga/Genesys2_EMBER.xdc (Line: 597)
Related violations: <none>


